Analysis & Synthesis report for lab08_p
Wed Nov 25 16:34:36 2020
Quartus Prime Version 18.0.0 Build 614 04/24/2018 SJ Lite Edition


---------------------
; Table of Contents ;
---------------------
  1. Legal Notice
  2. Analysis & Synthesis Summary
  3. Analysis & Synthesis Settings
  4. Parallel Compilation
  5. Analysis & Synthesis Source Files Read
  6. Analysis & Synthesis Resource Usage Summary
  7. Analysis & Synthesis Resource Utilization by Entity
  8. State Machine - |lab08_p|d
  9. State Machine - |lab08_p|D
 10. Registers Removed During Synthesis
 11. General Register Statistics
 12. Multiplexer Restructuring Statistics (Restructuring Performed)
 13. Post-Synthesis Netlist Statistics for Top Partition
 14. Elapsed Time Per Partition
 15. Analysis & Synthesis Messages
 16. Analysis & Synthesis Suppressed Messages



----------------
; Legal Notice ;
----------------
Copyright (C) 2018  Intel Corporation. All rights reserved.
Your use of Intel Corporation's design tools, logic functions 
and other software and tools, and its AMPP partner logic 
functions, and any output files from any of the foregoing 
(including device programming or simulation files), and any 
associated documentation or information are expressly subject 
to the terms and conditions of the Intel Program License 
Subscription Agreement, the Intel Quartus Prime License Agreement,
the Intel FPGA IP License Agreement, or other applicable license
agreement, including, without limitation, that your use is for
the sole purpose of programming logic devices manufactured by
Intel and sold by Intel or its authorized distributors.  Please
refer to the applicable agreement for further details.



+-------------------------------------------------------------------------------+
; Analysis & Synthesis Summary                                                  ;
+---------------------------------+---------------------------------------------+
; Analysis & Synthesis Status     ; Successful - Wed Nov 25 16:34:36 2020       ;
; Quartus Prime Version           ; 18.0.0 Build 614 04/24/2018 SJ Lite Edition ;
; Revision Name                   ; lab08_p                                     ;
; Top-level Entity Name           ; lab08_p                                     ;
; Family                          ; Cyclone V                                   ;
; Logic utilization (in ALMs)     ; N/A                                         ;
; Total registers                 ; 52                                          ;
; Total pins                      ; 13                                          ;
; Total virtual pins              ; 0                                           ;
; Total block memory bits         ; 0                                           ;
; Total DSP Blocks                ; 0                                           ;
; Total HSSI RX PCSs              ; 0                                           ;
; Total HSSI PMA RX Deserializers ; 0                                           ;
; Total HSSI TX PCSs              ; 0                                           ;
; Total HSSI PMA TX Serializers   ; 0                                           ;
; Total PLLs                      ; 0                                           ;
; Total DLLs                      ; 0                                           ;
+---------------------------------+---------------------------------------------+


+---------------------------------------------------------------------------------------------------------------------------+
; Analysis & Synthesis Settings                                                                                             ;
+---------------------------------------------------------------------------------+--------------------+--------------------+
; Option                                                                          ; Setting            ; Default Value      ;
+---------------------------------------------------------------------------------+--------------------+--------------------+
; Device                                                                          ; 5CSXFC6D6F31C6     ;                    ;
; Top-level entity name                                                           ; lab08_p            ; lab08_p            ;
; Family name                                                                     ; Cyclone V          ; Cyclone V          ;
; Use smart compilation                                                           ; Off                ; Off                ;
; Enable parallel Assembler and Timing Analyzer during compilation                ; On                 ; On                 ;
; Enable compact report table                                                     ; Off                ; Off                ;
; Restructure Multiplexers                                                        ; Auto               ; Auto               ;
; MLAB Add Timing Constraints For Mixed-Port Feed-Through Mode Setting Don't Care ; Off                ; Off                ;
; Create Debugging Nodes for IP Cores                                             ; Off                ; Off                ;
; Preserve fewer node names                                                       ; On                 ; On                 ;
; Intel FPGA IP Evaluation Mode                                                   ; Enable             ; Enable             ;
; Verilog Version                                                                 ; Verilog_2001       ; Verilog_2001       ;
; VHDL Version                                                                    ; VHDL_1993          ; VHDL_1993          ;
; State Machine Processing                                                        ; Auto               ; Auto               ;
; Safe State Machine                                                              ; Off                ; Off                ;
; Extract Verilog State Machines                                                  ; On                 ; On                 ;
; Extract VHDL State Machines                                                     ; On                 ; On                 ;
; Ignore Verilog initial constructs                                               ; Off                ; Off                ;
; Iteration limit for constant Verilog loops                                      ; 5000               ; 5000               ;
; Iteration limit for non-constant Verilog loops                                  ; 250                ; 250                ;
; Add Pass-Through Logic to Inferred RAMs                                         ; On                 ; On                 ;
; Infer RAMs from Raw Logic                                                       ; On                 ; On                 ;
; Parallel Synthesis                                                              ; On                 ; On                 ;
; DSP Block Balancing                                                             ; Auto               ; Auto               ;
; NOT Gate Push-Back                                                              ; On                 ; On                 ;
; Power-Up Don't Care                                                             ; On                 ; On                 ;
; Remove Redundant Logic Cells                                                    ; Off                ; Off                ;
; Remove Duplicate Registers                                                      ; On                 ; On                 ;
; Ignore CARRY Buffers                                                            ; Off                ; Off                ;
; Ignore CASCADE Buffers                                                          ; Off                ; Off                ;
; Ignore GLOBAL Buffers                                                           ; Off                ; Off                ;
; Ignore ROW GLOBAL Buffers                                                       ; Off                ; Off                ;
; Ignore LCELL Buffers                                                            ; Off                ; Off                ;
; Ignore SOFT Buffers                                                             ; On                 ; On                 ;
; Limit AHDL Integers to 32 Bits                                                  ; Off                ; Off                ;
; Optimization Technique                                                          ; Balanced           ; Balanced           ;
; Carry Chain Length                                                              ; 70                 ; 70                 ;
; Auto Carry Chains                                                               ; On                 ; On                 ;
; Auto Open-Drain Pins                                                            ; On                 ; On                 ;
; Perform WYSIWYG Primitive Resynthesis                                           ; Off                ; Off                ;
; Auto ROM Replacement                                                            ; On                 ; On                 ;
; Auto RAM Replacement                                                            ; On                 ; On                 ;
; Auto DSP Block Replacement                                                      ; On                 ; On                 ;
; Auto Shift Register Replacement                                                 ; Auto               ; Auto               ;
; Allow Shift Register Merging across Hierarchies                                 ; Auto               ; Auto               ;
; Auto Clock Enable Replacement                                                   ; On                 ; On                 ;
; Strict RAM Replacement                                                          ; Off                ; Off                ;
; Allow Synchronous Control Signals                                               ; On                 ; On                 ;
; Force Use of Synchronous Clear Signals                                          ; Off                ; Off                ;
; Auto Resource Sharing                                                           ; Off                ; Off                ;
; Allow Any RAM Size For Recognition                                              ; Off                ; Off                ;
; Allow Any ROM Size For Recognition                                              ; Off                ; Off                ;
; Allow Any Shift Register Size For Recognition                                   ; Off                ; Off                ;
; Use LogicLock Constraints during Resource Balancing                             ; On                 ; On                 ;
; Ignore translate_off and synthesis_off directives                               ; Off                ; Off                ;
; Timing-Driven Synthesis                                                         ; On                 ; On                 ;
; Report Parameter Settings                                                       ; On                 ; On                 ;
; Report Source Assignments                                                       ; On                 ; On                 ;
; Report Connectivity Checks                                                      ; On                 ; On                 ;
; Ignore Maximum Fan-Out Assignments                                              ; Off                ; Off                ;
; Synchronization Register Chain Length                                           ; 3                  ; 3                  ;
; Power Optimization During Synthesis                                             ; Normal compilation ; Normal compilation ;
; HDL message level                                                               ; Level2             ; Level2             ;
; Suppress Register Optimization Related Messages                                 ; Off                ; Off                ;
; Number of Removed Registers Reported in Synthesis Report                        ; 5000               ; 5000               ;
; Number of Swept Nodes Reported in Synthesis Report                              ; 5000               ; 5000               ;
; Number of Inverted Registers Reported in Synthesis Report                       ; 100                ; 100                ;
; Clock MUX Protection                                                            ; On                 ; On                 ;
; Auto Gated Clock Conversion                                                     ; Off                ; Off                ;
; Block Design Naming                                                             ; Auto               ; Auto               ;
; SDC constraint protection                                                       ; Off                ; Off                ;
; Synthesis Effort                                                                ; Auto               ; Auto               ;
; Shift Register Replacement - Allow Asynchronous Clear Signal                    ; On                 ; On                 ;
; Pre-Mapping Resynthesis Optimization                                            ; Off                ; Off                ;
; Analysis & Synthesis Message Level                                              ; Medium             ; Medium             ;
; Disable Register Merging Across Hierarchies                                     ; Auto               ; Auto               ;
; Resource Aware Inference For Block RAM                                          ; On                 ; On                 ;
; Automatic Parallel Synthesis                                                    ; On                 ; On                 ;
; Partial Reconfiguration Bitstream ID                                            ; Off                ; Off                ;
+---------------------------------------------------------------------------------+--------------------+--------------------+


+------------------------------------------+
; Parallel Compilation                     ;
+----------------------------+-------------+
; Processors                 ; Number      ;
+----------------------------+-------------+
; Number detected on machine ; 4           ;
; Maximum allowed            ; 4           ;
;                            ;             ;
; Average used               ; 1.00        ;
; Maximum used               ; 4           ;
;                            ;             ;
; Usage by Processor         ; % Time Used ;
;     Processor 1            ; 100.0%      ;
;     Processors 2-4         ;   0.0%      ;
+----------------------------+-------------+


+--------------------------------------------------------------------------------------------------------------------------------------------------------------------------------------------------------------------+
; Analysis & Synthesis Source Files Read                                                                                                                                                                             ;
+----------------------------------+-----------------+------------------------------+----------------------------------------------------------------------------------------------------------------------+---------+
; File Name with User-Entered Path ; Used in Netlist ; File Type                    ; File Name with Absolute Path                                                                                         ; Library ;
+----------------------------------+-----------------+------------------------------+----------------------------------------------------------------------------------------------------------------------+---------+
; lab08_p.v                        ; yes             ; Auto-Found Verilog HDL File  ; C:/Users/Ngoc Pham/OneDrive/Documents/Github/ECE2220/08 - A Finite State Machine - Up Down Counter/lab08_p/lab08_p.v ;         ;
+----------------------------------+-----------------+------------------------------+----------------------------------------------------------------------------------------------------------------------+---------+


+-----------------------------------------------------------+
; Analysis & Synthesis Resource Usage Summary               ;
+---------------------------------------------+-------------+
; Resource                                    ; Usage       ;
+---------------------------------------------+-------------+
; Estimate of Logic utilization (ALMs needed) ; 37          ;
;                                             ;             ;
; Combinational ALUT usage for logic          ; 62          ;
;     -- 7 input functions                    ; 0           ;
;     -- 6 input functions                    ; 12          ;
;     -- 5 input functions                    ; 2           ;
;     -- 4 input functions                    ; 18          ;
;     -- <=3 input functions                  ; 30          ;
;                                             ;             ;
; Dedicated logic registers                   ; 52          ;
;                                             ;             ;
; I/O pins                                    ; 13          ;
;                                             ;             ;
; Total DSP Blocks                            ; 0           ;
;                                             ;             ;
; Maximum fan-out node                        ; clock~input ;
; Maximum fan-out                             ; 29          ;
; Total fan-out                               ; 371         ;
; Average fan-out                             ; 2.65        ;
+---------------------------------------------+-------------+


+---------------------------------------------------------------------------------------------------------------------------------------------------------------------------------------------------------+
; Analysis & Synthesis Resource Utilization by Entity                                                                                                                                                     ;
+-----------------------------+---------------------+---------------------------+-------------------+------------+------+--------------+---------------------------------+-----------------+--------------+
; Compilation Hierarchy Node  ; Combinational ALUTs ; Dedicated Logic Registers ; Block Memory Bits ; DSP Blocks ; Pins ; Virtual Pins ; Full Hierarchy Name             ; Entity Name     ; Library Name ;
+-----------------------------+---------------------+---------------------------+-------------------+------------+------+--------------+---------------------------------+-----------------+--------------+
; |lab08_p                    ; 62 (24)             ; 52 (23)                   ; 0                 ; 0          ; 13   ; 0            ; |lab08_p                        ; lab08_p         ; work         ;
;    |clock_converter:comb_5| ; 38 (38)             ; 29 (29)                   ; 0                 ; 0          ; 0    ; 0            ; |lab08_p|clock_converter:comb_5 ; clock_converter ; work         ;
+-----------------------------+---------------------+---------------------------+-------------------+------------+------+--------------+---------------------------------+-----------------+--------------+
Note: For table entries with two numbers listed, the numbers in parentheses indicate the number of resources of the given type used by the specific entity alone. The numbers listed outside of parentheses indicate the total resources of the given type used by the specific entity and all of its sub-entities in the hierarchy.


Encoding Type:  One-Hot
+--------------------------------------------------------------------------------------------------------------------------------------------------------+
; State Machine - |lab08_p|d                                                                                                                             ;
+--------+--------+--------+--------+--------+--------+--------+--------+--------+--------+--------+--------+--------+--------+--------+--------+--------+
; Name   ; d.1111 ; d.1110 ; d.1101 ; d.1100 ; d.1011 ; d.1010 ; d.1001 ; d.1000 ; d.0111 ; d.0110 ; d.0101 ; d.0100 ; d.0011 ; d.0010 ; d.0001 ; d.0000 ;
+--------+--------+--------+--------+--------+--------+--------+--------+--------+--------+--------+--------+--------+--------+--------+--------+--------+
; d.0000 ; 0      ; 0      ; 0      ; 0      ; 0      ; 0      ; 0      ; 0      ; 0      ; 0      ; 0      ; 0      ; 0      ; 0      ; 0      ; 0      ;
; d.0001 ; 0      ; 0      ; 0      ; 0      ; 0      ; 0      ; 0      ; 0      ; 0      ; 0      ; 0      ; 0      ; 0      ; 0      ; 1      ; 1      ;
; d.0010 ; 0      ; 0      ; 0      ; 0      ; 0      ; 0      ; 0      ; 0      ; 0      ; 0      ; 0      ; 0      ; 0      ; 1      ; 0      ; 1      ;
; d.0011 ; 0      ; 0      ; 0      ; 0      ; 0      ; 0      ; 0      ; 0      ; 0      ; 0      ; 0      ; 0      ; 1      ; 0      ; 0      ; 1      ;
; d.0100 ; 0      ; 0      ; 0      ; 0      ; 0      ; 0      ; 0      ; 0      ; 0      ; 0      ; 0      ; 1      ; 0      ; 0      ; 0      ; 1      ;
; d.0101 ; 0      ; 0      ; 0      ; 0      ; 0      ; 0      ; 0      ; 0      ; 0      ; 0      ; 1      ; 0      ; 0      ; 0      ; 0      ; 1      ;
; d.0110 ; 0      ; 0      ; 0      ; 0      ; 0      ; 0      ; 0      ; 0      ; 0      ; 1      ; 0      ; 0      ; 0      ; 0      ; 0      ; 1      ;
; d.0111 ; 0      ; 0      ; 0      ; 0      ; 0      ; 0      ; 0      ; 0      ; 1      ; 0      ; 0      ; 0      ; 0      ; 0      ; 0      ; 1      ;
; d.1000 ; 0      ; 0      ; 0      ; 0      ; 0      ; 0      ; 0      ; 1      ; 0      ; 0      ; 0      ; 0      ; 0      ; 0      ; 0      ; 1      ;
; d.1001 ; 0      ; 0      ; 0      ; 0      ; 0      ; 0      ; 1      ; 0      ; 0      ; 0      ; 0      ; 0      ; 0      ; 0      ; 0      ; 1      ;
; d.1010 ; 0      ; 0      ; 0      ; 0      ; 0      ; 1      ; 0      ; 0      ; 0      ; 0      ; 0      ; 0      ; 0      ; 0      ; 0      ; 1      ;
; d.1011 ; 0      ; 0      ; 0      ; 0      ; 1      ; 0      ; 0      ; 0      ; 0      ; 0      ; 0      ; 0      ; 0      ; 0      ; 0      ; 1      ;
; d.1100 ; 0      ; 0      ; 0      ; 1      ; 0      ; 0      ; 0      ; 0      ; 0      ; 0      ; 0      ; 0      ; 0      ; 0      ; 0      ; 1      ;
; d.1101 ; 0      ; 0      ; 1      ; 0      ; 0      ; 0      ; 0      ; 0      ; 0      ; 0      ; 0      ; 0      ; 0      ; 0      ; 0      ; 1      ;
; d.1110 ; 0      ; 1      ; 0      ; 0      ; 0      ; 0      ; 0      ; 0      ; 0      ; 0      ; 0      ; 0      ; 0      ; 0      ; 0      ; 1      ;
; d.1111 ; 1      ; 0      ; 0      ; 0      ; 0      ; 0      ; 0      ; 0      ; 0      ; 0      ; 0      ; 0      ; 0      ; 0      ; 0      ; 1      ;
+--------+--------+--------+--------+--------+--------+--------+--------+--------+--------+--------+--------+--------+--------+--------+--------+--------+


Encoding Type:  One-Hot
+--------------------------------------------------------------------------------------------------------------------------------------------------------+
; State Machine - |lab08_p|D                                                                                                                             ;
+--------+--------+--------+--------+--------+--------+--------+--------+--------+--------+--------+--------+--------+--------+--------+--------+--------+
; Name   ; D.1111 ; D.1110 ; D.1101 ; D.1100 ; D.1011 ; D.1010 ; D.1001 ; D.1000 ; D.0111 ; D.0110 ; D.0101 ; D.0100 ; D.0011 ; D.0010 ; D.0001 ; D.0000 ;
+--------+--------+--------+--------+--------+--------+--------+--------+--------+--------+--------+--------+--------+--------+--------+--------+--------+
; D.0000 ; 0      ; 0      ; 0      ; 0      ; 0      ; 0      ; 0      ; 0      ; 0      ; 0      ; 0      ; 0      ; 0      ; 0      ; 0      ; 0      ;
; D.0001 ; 0      ; 0      ; 0      ; 0      ; 0      ; 0      ; 0      ; 0      ; 0      ; 0      ; 0      ; 0      ; 0      ; 0      ; 1      ; 1      ;
; D.0010 ; 0      ; 0      ; 0      ; 0      ; 0      ; 0      ; 0      ; 0      ; 0      ; 0      ; 0      ; 0      ; 0      ; 1      ; 0      ; 1      ;
; D.0011 ; 0      ; 0      ; 0      ; 0      ; 0      ; 0      ; 0      ; 0      ; 0      ; 0      ; 0      ; 0      ; 1      ; 0      ; 0      ; 1      ;
; D.0100 ; 0      ; 0      ; 0      ; 0      ; 0      ; 0      ; 0      ; 0      ; 0      ; 0      ; 0      ; 1      ; 0      ; 0      ; 0      ; 1      ;
; D.0101 ; 0      ; 0      ; 0      ; 0      ; 0      ; 0      ; 0      ; 0      ; 0      ; 0      ; 1      ; 0      ; 0      ; 0      ; 0      ; 1      ;
; D.0110 ; 0      ; 0      ; 0      ; 0      ; 0      ; 0      ; 0      ; 0      ; 0      ; 1      ; 0      ; 0      ; 0      ; 0      ; 0      ; 1      ;
; D.0111 ; 0      ; 0      ; 0      ; 0      ; 0      ; 0      ; 0      ; 0      ; 1      ; 0      ; 0      ; 0      ; 0      ; 0      ; 0      ; 1      ;
; D.1000 ; 0      ; 0      ; 0      ; 0      ; 0      ; 0      ; 0      ; 1      ; 0      ; 0      ; 0      ; 0      ; 0      ; 0      ; 0      ; 1      ;
; D.1001 ; 0      ; 0      ; 0      ; 0      ; 0      ; 0      ; 1      ; 0      ; 0      ; 0      ; 0      ; 0      ; 0      ; 0      ; 0      ; 1      ;
; D.1010 ; 0      ; 0      ; 0      ; 0      ; 0      ; 1      ; 0      ; 0      ; 0      ; 0      ; 0      ; 0      ; 0      ; 0      ; 0      ; 1      ;
; D.1011 ; 0      ; 0      ; 0      ; 0      ; 1      ; 0      ; 0      ; 0      ; 0      ; 0      ; 0      ; 0      ; 0      ; 0      ; 0      ; 1      ;
; D.1100 ; 0      ; 0      ; 0      ; 1      ; 0      ; 0      ; 0      ; 0      ; 0      ; 0      ; 0      ; 0      ; 0      ; 0      ; 0      ; 1      ;
; D.1101 ; 0      ; 0      ; 1      ; 0      ; 0      ; 0      ; 0      ; 0      ; 0      ; 0      ; 0      ; 0      ; 0      ; 0      ; 0      ; 1      ;
; D.1110 ; 0      ; 1      ; 0      ; 0      ; 0      ; 0      ; 0      ; 0      ; 0      ; 0      ; 0      ; 0      ; 0      ; 0      ; 0      ; 1      ;
; D.1111 ; 1      ; 0      ; 0      ; 0      ; 0      ; 0      ; 0      ; 0      ; 0      ; 0      ; 0      ; 0      ; 0      ; 0      ; 0      ; 1      ;
+--------+--------+--------+--------+--------+--------+--------+--------+--------+--------+--------+--------+--------+--------+--------+--------+--------+


+-------------------------------------------------------------+
; Registers Removed During Synthesis                          ;
+----------------------------------------+--------------------+
; Register name                          ; Reason for Removal ;
+----------------------------------------+--------------------+
; D.0000                                 ; Lost fanout        ;
; D.0001                                 ; Lost fanout        ;
; D.0010                                 ; Lost fanout        ;
; D.0011                                 ; Lost fanout        ;
; D.0100                                 ; Lost fanout        ;
; D.0101                                 ; Lost fanout        ;
; D.0110                                 ; Lost fanout        ;
; D.0111                                 ; Lost fanout        ;
; D.1000                                 ; Lost fanout        ;
; D.1001                                 ; Lost fanout        ;
; D.1010                                 ; Lost fanout        ;
; D.1011                                 ; Lost fanout        ;
; D.1100                                 ; Lost fanout        ;
; D.1101                                 ; Lost fanout        ;
; D.1110                                 ; Lost fanout        ;
; D.1111                                 ; Lost fanout        ;
; d~2                                    ; Lost fanout        ;
; d~3                                    ; Lost fanout        ;
; d~4                                    ; Lost fanout        ;
; d~5                                    ; Lost fanout        ;
; D~18                                   ; Lost fanout        ;
; D~19                                   ; Lost fanout        ;
; D~20                                   ; Lost fanout        ;
; D~21                                   ; Lost fanout        ;
; Total Number of Removed Registers = 24 ;                    ;
+----------------------------------------+--------------------+


+------------------------------------------------------+
; General Register Statistics                          ;
+----------------------------------------------+-------+
; Statistic                                    ; Value ;
+----------------------------------------------+-------+
; Total registers                              ; 52    ;
; Number of registers using Synchronous Clear  ; 29    ;
; Number of registers using Synchronous Load   ; 0     ;
; Number of registers using Asynchronous Clear ; 0     ;
; Number of registers using Asynchronous Load  ; 0     ;
; Number of registers using Clock Enable       ; 0     ;
; Number of registers using Preset             ; 0     ;
+----------------------------------------------+-------+


+------------------------------------------------------------------------------------------------------------------------------------------+
; Multiplexer Restructuring Statistics (Restructuring Performed)                                                                           ;
+--------------------+-----------+---------------+----------------------+------------------------+------------+----------------------------+
; Multiplexer Inputs ; Bus Width ; Baseline Area ; Area if Restructured ; Saving if Restructured ; Registered ; Example Multiplexer Output ;
+--------------------+-----------+---------------+----------------------+------------------------+------------+----------------------------+
; 3:1                ; 16 bits   ; 32 LEs        ; 32 LEs               ; 0 LEs                  ; No         ; |lab08_p|D                 ;
+--------------------+-----------+---------------+----------------------+------------------------+------------+----------------------------+


+-----------------------------------------------------+
; Post-Synthesis Netlist Statistics for Top Partition ;
+-----------------------+-----------------------------+
; Type                  ; Count                       ;
+-----------------------+-----------------------------+
; arriav_ff             ; 52                          ;
;     SCLR              ; 29                          ;
;     plain             ; 23                          ;
; arriav_lcell_comb     ; 62                          ;
;     arith             ; 28                          ;
;         1 data inputs ; 28                          ;
;     normal            ; 34                          ;
;         3 data inputs ; 2                           ;
;         4 data inputs ; 18                          ;
;         5 data inputs ; 2                           ;
;         6 data inputs ; 12                          ;
; boundary_port         ; 13                          ;
;                       ;                             ;
; Max LUT depth         ; 5.40                        ;
; Average LUT depth     ; 3.65                        ;
+-----------------------+-----------------------------+


+-------------------------------+
; Elapsed Time Per Partition    ;
+----------------+--------------+
; Partition Name ; Elapsed Time ;
+----------------+--------------+
; Top            ; 00:00:00     ;
+----------------+--------------+


+-------------------------------+
; Analysis & Synthesis Messages ;
+-------------------------------+
Info: *******************************************************************
Info: Running Quartus Prime Analysis & Synthesis
    Info: Version 18.0.0 Build 614 04/24/2018 SJ Lite Edition
    Info: Processing started: Wed Nov 25 16:34:19 2020
Info: Command: quartus_map --read_settings_files=on --write_settings_files=off lab08_p -c lab08_p
Warning (18236): Number of processors has not been specified which may cause overloading on shared machines.  Set the global assignment NUM_PARALLEL_PROCESSORS in your QSF to an appropriate value for best performance.
Info (20030): Parallel compilation is enabled and will use 4 of the 4 processors detected
Warning (12019): Can't analyze file -- file ../lab08_option1_usinglatches.v is missing
Warning (12019): Can't analyze file -- file ../lab08_option2_usingcases.v is missing
Warning (12125): Using design file lab08_p.v, which is not specified as a design file for the current project, but contains definitions for 2 design units and 2 entities in project
    Info (12023): Found entity 1: lab08_p File: C:/Users/Ngoc Pham/OneDrive/Documents/Github/ECE2220/08 - A Finite State Machine - Up Down Counter/lab08_p/lab08_p.v Line: 1
    Info (12023): Found entity 2: clock_converter File: C:/Users/Ngoc Pham/OneDrive/Documents/Github/ECE2220/08 - A Finite State Machine - Up Down Counter/lab08_p/lab08_p.v Line: 123
Critical Warning (10846): Verilog HDL Instantiation warning at lab08_p.v(19): instance has no name File: C:/Users/Ngoc Pham/OneDrive/Documents/Github/ECE2220/08 - A Finite State Machine - Up Down Counter/lab08_p/lab08_p.v Line: 19
Info (12127): Elaborating entity "lab08_p" for the top level hierarchy
Info (12128): Elaborating entity "clock_converter" for hierarchy "clock_converter:comb_5" File: C:/Users/Ngoc Pham/OneDrive/Documents/Github/ECE2220/08 - A Finite State Machine - Up Down Counter/lab08_p/lab08_p.v Line: 19
Warning (10230): Verilog HDL assignment warning at lab08_p.v(133): truncated value with size 32 to match size of target (28) File: C:/Users/Ngoc Pham/OneDrive/Documents/Github/ECE2220/08 - A Finite State Machine - Up Down Counter/lab08_p/lab08_p.v Line: 133
Info (286030): Timing-Driven Synthesis is running
Info (17049): 24 registers lost all their fanouts during netlist optimizations.
Info (144001): Generated suppressed messages file C:/Users/Ngoc Pham/OneDrive/Documents/Github/ECE2220/08 - A Finite State Machine - Up Down Counter/lab08_p/output_files/lab08_p.map.smsg
Info (16010): Generating hard_block partition "hard_block:auto_generated_inst"
    Info (16011): Adding 0 node(s), including 0 DDIO, 0 PLL, 0 transceiver and 0 LCELL
Info (21057): Implemented 116 device resources after synthesis - the final resource count might be different
    Info (21058): Implemented 3 input pins
    Info (21059): Implemented 10 output pins
    Info (21061): Implemented 103 logic cells
Info: Quartus Prime Analysis & Synthesis was successful. 0 errors, 6 warnings
    Info: Peak virtual memory: 4815 megabytes
    Info: Processing ended: Wed Nov 25 16:34:36 2020
    Info: Elapsed time: 00:00:17
    Info: Total CPU time (on all processors): 00:00:31


+------------------------------------------+
; Analysis & Synthesis Suppressed Messages ;
+------------------------------------------+
The suppressed messages can be found in C:/Users/Ngoc Pham/OneDrive/Documents/Github/ECE2220/08 - A Finite State Machine - Up Down Counter/lab08_p/output_files/lab08_p.map.smsg.


