Flow report for lab04_2
Sun Oct 04 02:31:30 2020
Quartus Prime Version 18.0.0 Build 614 04/24/2018 SJ Lite Edition


---------------------
; Table of Contents ;
---------------------
  1. Legal Notice
  2. Flow Summary
  3. Flow Settings
  4. Flow Non-Default Global Settings
  5. Flow Elapsed Time
  6. Flow OS Summary
  7. Flow Log
  8. Flow Messages
  9. Flow Suppressed Messages



----------------
; Legal Notice ;
----------------
Copyright (C) 2018  Intel Corporation. All rights reserved.
Your use of Intel Corporation's design tools, logic functions 
and other software and tools, and its AMPP partner logic 
functions, and any output files from any of the foregoing 
(including device programming or simulation files), and any 
associated documentation or information are expressly subject 
to the terms and conditions of the Intel Program License 
Subscription Agreement, the Intel Quartus Prime License Agreement,
the Intel FPGA IP License Agreement, or other applicable license
agreement, including, without limitation, that your use is for
the sole purpose of programming logic devices manufactured by
Intel and sold by Intel or its authorized distributors.  Please
refer to the applicable agreement for further details.



+----------------------------------------------------------------------------------------+
; Flow Summary                                                                           ;
+---------------------------------+------------------------------------------------------+
; Flow Status                     ; EDA Netlist Writer Failed - Sun Oct 04 02:31:30 2020 ;
; Quartus Prime Version           ; 18.0.0 Build 614 04/24/2018 SJ Lite Edition          ;
; Revision Name                   ; lab04_2                                              ;
; Top-level Entity Name           ; lab04_2                                              ;
; Family                          ; Cyclone V                                            ;
; Device                          ; 5CSXFC6D6F31C6                                       ;
; Timing Models                   ; Final                                                ;
; Logic utilization (in ALMs)     ; 2 / 41,910 ( < 1 % )                                 ;
; Total registers                 ; 0                                                    ;
; Total pins                      ; 17 / 499 ( 3 % )                                     ;
; Total virtual pins              ; 0                                                    ;
; Total block memory bits         ; 0 / 5,662,720 ( 0 % )                                ;
; Total DSP Blocks                ; 0 / 112 ( 0 % )                                      ;
; Total HSSI RX PCSs              ; 0 / 9 ( 0 % )                                        ;
; Total HSSI PMA RX Deserializers ; 0 / 9 ( 0 % )                                        ;
; Total HSSI TX PCSs              ; 0 / 9 ( 0 % )                                        ;
; Total HSSI PMA TX Serializers   ; 0 / 9 ( 0 % )                                        ;
; Total PLLs                      ; 0 / 15 ( 0 % )                                       ;
; Total DLLs                      ; 0 / 4 ( 0 % )                                        ;
+---------------------------------+------------------------------------------------------+


+-----------------------------------------+
; Flow Settings                           ;
+-------------------+---------------------+
; Option            ; Setting             ;
+-------------------+---------------------+
; Start date & time ; 10/04/2020 02:14:41 ;
; Main task         ; Compilation         ;
; Revision Name     ; lab04_2             ;
+-------------------+---------------------+


+-------------------------------------------------------------------------------------------------------------------------+
; Flow Non-Default Global Settings                                                                                        ;
+-------------------------------------+----------------------------------------+---------------+-------------+------------+
; Assignment Name                     ; Value                                  ; Default Value ; Entity Name ; Section Id ;
+-------------------------------------+----------------------------------------+---------------+-------------+------------+
; COMPILER_SIGNATURE_ID               ; 102228231882323.160179568115204        ; --            ; --          ; --         ;
; MAX_CORE_JUNCTION_TEMP              ; 85                                     ; --            ; --          ; --         ;
; MIN_CORE_JUNCTION_TEMP              ; 0                                      ; --            ; --          ; --         ;
; PARTITION_COLOR                     ; -- (Not supported for targeted family) ; --            ; --          ; Top        ;
; PARTITION_FITTER_PRESERVATION_LEVEL ; -- (Not supported for targeted family) ; --            ; --          ; Top        ;
; PARTITION_NETLIST_TYPE              ; -- (Not supported for targeted family) ; --            ; --          ; Top        ;
; PROJECT_OUTPUT_DIRECTORY            ; output_files                           ; --            ; --          ; --         ;
+-------------------------------------+----------------------------------------+---------------+-------------+------------+


+--------------------------------------------------------------------------------------------------------------------------+
; Flow Elapsed Time                                                                                                        ;
+----------------------+--------------+-------------------------+---------------------+------------------------------------+
; Module Name          ; Elapsed Time ; Average Processors Used ; Peak Virtual Memory ; Total CPU Time (on all processors) ;
+----------------------+--------------+-------------------------+---------------------+------------------------------------+
; Analysis & Synthesis ; 00:00:17     ; 1.0                     ; 4802 MB             ; 00:00:32                           ;
; Fitter               ; 00:00:41     ; 1.0                     ; 6501 MB             ; 00:01:01                           ;
; Assembler            ; 00:00:10     ; 1.0                     ; 4825 MB             ; 00:00:10                           ;
; Timing Analyzer      ; 00:00:08     ; 1.0                     ; 5107 MB             ; 00:00:08                           ;
; EDA Netlist Writer   ; 00:00:02     ; 1.0                     ; 4700 MB             ; 00:00:03                           ;
; Total                ; 00:01:18     ; --                      ; --                  ; 00:01:54                           ;
+----------------------+--------------+-------------------------+---------------------+------------------------------------+


+------------------------------------------------------------------------------------+
; Flow OS Summary                                                                    ;
+----------------------+------------------+------------+------------+----------------+
; Module Name          ; Machine Hostname ; OS Name    ; OS Version ; Processor type ;
+----------------------+------------------+------------+------------+----------------+
; Analysis & Synthesis ; DESKTOP-R5CIF8B  ; Windows 10 ; 10.0       ; x86_64         ;
; Fitter               ; DESKTOP-R5CIF8B  ; Windows 10 ; 10.0       ; x86_64         ;
; Assembler            ; DESKTOP-R5CIF8B  ; Windows 10 ; 10.0       ; x86_64         ;
; Timing Analyzer      ; DESKTOP-R5CIF8B  ; Windows 10 ; 10.0       ; x86_64         ;
; EDA Netlist Writer   ; DESKTOP-R5CIF8B  ; Windows 10 ; 10.0       ; x86_64         ;
+----------------------+------------------+------------+------------+----------------+


------------
; Flow Log ;
------------
quartus_map --read_settings_files=on --write_settings_files=off lab04_2 -c lab04_2
quartus_fit --read_settings_files=off --write_settings_files=off lab04_2 -c lab04_2
quartus_asm --read_settings_files=off --write_settings_files=off lab04_2 -c lab04_2
quartus_sta lab04_2 -c lab04_2
quartus_eda --gen_testbench --tool=modelsim_oem --format=verilog --write_settings_files=off lab04_2 -c lab04_2 --vector_source="C:/Users/Ngoc Pham/OneDrive/Documents/Github/ECE2220/04 - 4x1 Multiplexer/lab4_2/Waveform1.vwf" --testbench_file="C:/Users/Ngoc Pham/OneDrive/Documents/Github/ECE2220/04 - 4x1 Multiplexer/lab4_2/simulation/qsim/Waveform1.vwf.vt"



