Flow report for lab07_b
Sun Nov 01 19:20:27 2020
Quartus Prime Version 18.0.0 Build 614 04/24/2018 SJ Lite Edition


---------------------
; Table of Contents ;
---------------------
  1. Legal Notice
  2. Flow Summary
  3. Flow Settings
  4. Flow Non-Default Global Settings
  5. Flow Elapsed Time
  6. Flow OS Summary
  7. Flow Log
  8. Flow Messages
  9. Flow Suppressed Messages



----------------
; Legal Notice ;
----------------
Copyright (C) 2018  Intel Corporation. All rights reserved.
Your use of Intel Corporation's design tools, logic functions 
and other software and tools, and its AMPP partner logic 
functions, and any output files from any of the foregoing 
(including device programming or simulation files), and any 
associated documentation or information are expressly subject 
to the terms and conditions of the Intel Program License 
Subscription Agreement, the Intel Quartus Prime License Agreement,
the Intel FPGA IP License Agreement, or other applicable license
agreement, including, without limitation, that your use is for
the sole purpose of programming logic devices manufactured by
Intel and sold by Intel or its authorized distributors.  Please
refer to the applicable agreement for further details.



+-------------------------------------------------------------------------------+
; Flow Summary                                                                  ;
+---------------------------------+---------------------------------------------+
; Flow Status                     ; Successful - Sun Nov 01 19:20:27 2020       ;
; Quartus Prime Version           ; 18.0.0 Build 614 04/24/2018 SJ Lite Edition ;
; Revision Name                   ; lab07_b                                     ;
; Top-level Entity Name           ; lab07_b                                     ;
; Family                          ; Cyclone V                                   ;
; Device                          ; 5CSXFC6D6F31C6                              ;
; Timing Models                   ; Final                                       ;
; Logic utilization (in ALMs)     ; 2 / 41,910 ( < 1 % )                        ;
; Total registers                 ; 0                                           ;
; Total pins                      ; 8 / 499 ( 2 % )                             ;
; Total virtual pins              ; 0                                           ;
; Total block memory bits         ; 0 / 5,662,720 ( 0 % )                       ;
; Total DSP Blocks                ; 0 / 112 ( 0 % )                             ;
; Total HSSI RX PCSs              ; 0 / 9 ( 0 % )                               ;
; Total HSSI PMA RX Deserializers ; 0 / 9 ( 0 % )                               ;
; Total HSSI TX PCSs              ; 0 / 9 ( 0 % )                               ;
; Total HSSI PMA TX Serializers   ; 0 / 9 ( 0 % )                               ;
; Total PLLs                      ; 0 / 15 ( 0 % )                              ;
; Total DLLs                      ; 0 / 4 ( 0 % )                               ;
+---------------------------------+---------------------------------------------+


+-----------------------------------------+
; Flow Settings                           ;
+-------------------+---------------------+
; Option            ; Setting             ;
+-------------------+---------------------+
; Start date & time ; 11/01/2020 13:02:16 ;
; Main task         ; Compilation         ;
; Revision Name     ; lab07_b             ;
+-------------------+---------------------+


+-------------------------------------------------------------------------------------------------------------------------+
; Flow Non-Default Global Settings                                                                                        ;
+-------------------------------------+----------------------------------------+---------------+-------------+------------+
; Assignment Name                     ; Value                                  ; Default Value ; Entity Name ; Section Id ;
+-------------------------------------+----------------------------------------+---------------+-------------+------------+
; COMPILER_SIGNATURE_ID               ; 102228231882323.160425733511720        ; --            ; --          ; --         ;
; MAX_CORE_JUNCTION_TEMP              ; 85                                     ; --            ; --          ; --         ;
; MIN_CORE_JUNCTION_TEMP              ; 0                                      ; --            ; --          ; --         ;
; OUTPUT_IO_TIMING_FAR_END_VMEAS      ; Half Signal Swing                      ; --            ; --          ; --         ;
; OUTPUT_IO_TIMING_FAR_END_VMEAS      ; Half Signal Swing                      ; --            ; --          ; --         ;
; OUTPUT_IO_TIMING_NEAR_END_VMEAS     ; Half Vccio                             ; --            ; --          ; --         ;
; OUTPUT_IO_TIMING_NEAR_END_VMEAS     ; Half Vccio                             ; --            ; --          ; --         ;
; PARTITION_COLOR                     ; -- (Not supported for targeted family) ; --            ; --          ; Top        ;
; PARTITION_FITTER_PRESERVATION_LEVEL ; -- (Not supported for targeted family) ; --            ; --          ; Top        ;
; PARTITION_NETLIST_TYPE              ; -- (Not supported for targeted family) ; --            ; --          ; Top        ;
; PROJECT_OUTPUT_DIRECTORY            ; output_files                           ; --            ; --          ; --         ;
+-------------------------------------+----------------------------------------+---------------+-------------+------------+


+--------------------------------------------------------------------------------------------------------------------------+
; Flow Elapsed Time                                                                                                        ;
+----------------------+--------------+-------------------------+---------------------+------------------------------------+
; Module Name          ; Elapsed Time ; Average Processors Used ; Peak Virtual Memory ; Total CPU Time (on all processors) ;
+----------------------+--------------+-------------------------+---------------------+------------------------------------+
; Analysis & Synthesis ; 00:00:17     ; 1.0                     ; 4803 MB             ; 00:00:31                           ;
; Fitter               ; 00:00:44     ; 1.0                     ; 6499 MB             ; 00:01:06                           ;
; Assembler            ; 00:00:13     ; 1.0                     ; 4820 MB             ; 00:00:12                           ;
; Timing Analyzer      ; 00:00:07     ; 1.0                     ; 5105 MB             ; 00:00:07                           ;
; EDA Netlist Writer   ; 00:00:03     ; 1.0                     ; 4700 MB             ; 00:00:03                           ;
; EDA Netlist Writer   ; 00:00:02     ; 1.0                     ; 4712 MB             ; 00:00:03                           ;
; EDA Netlist Writer   ; 00:00:03     ; 1.0                     ; 4700 MB             ; 00:00:03                           ;
; EDA Netlist Writer   ; 00:00:03     ; 1.0                     ; 4712 MB             ; 00:00:03                           ;
; EDA Netlist Writer   ; 00:00:03     ; 1.0                     ; 4700 MB             ; 00:00:03                           ;
; EDA Netlist Writer   ; 00:00:03     ; 1.0                     ; 4708 MB             ; 00:00:03                           ;
; EDA Netlist Writer   ; 00:00:02     ; 1.0                     ; 4700 MB             ; 00:00:03                           ;
; EDA Netlist Writer   ; 00:00:03     ; 1.0                     ; 4708 MB             ; 00:00:03                           ;
; Total                ; 00:01:43     ; --                      ; --                  ; 00:02:20                           ;
+----------------------+--------------+-------------------------+---------------------+------------------------------------+


+------------------------------------------------------------------------------------+
; Flow OS Summary                                                                    ;
+----------------------+------------------+------------+------------+----------------+
; Module Name          ; Machine Hostname ; OS Name    ; OS Version ; Processor type ;
+----------------------+------------------+------------+------------+----------------+
; Analysis & Synthesis ; DESKTOP-R5CIF8B  ; Windows 10 ; 10.0       ; x86_64         ;
; Fitter               ; DESKTOP-R5CIF8B  ; Windows 10 ; 10.0       ; x86_64         ;
; Assembler            ; DESKTOP-R5CIF8B  ; Windows 10 ; 10.0       ; x86_64         ;
; Timing Analyzer      ; DESKTOP-R5CIF8B  ; Windows 10 ; 10.0       ; x86_64         ;
; EDA Netlist Writer   ; DESKTOP-R5CIF8B  ; Windows 10 ; 10.0       ; x86_64         ;
; EDA Netlist Writer   ; DESKTOP-R5CIF8B  ; Windows 10 ; 10.0       ; x86_64         ;
; EDA Netlist Writer   ; DESKTOP-R5CIF8B  ; Windows 10 ; 10.0       ; x86_64         ;
; EDA Netlist Writer   ; DESKTOP-R5CIF8B  ; Windows 10 ; 10.0       ; x86_64         ;
; EDA Netlist Writer   ; DESKTOP-R5CIF8B  ; Windows 10 ; 10.0       ; x86_64         ;
; EDA Netlist Writer   ; DESKTOP-R5CIF8B  ; Windows 10 ; 10.0       ; x86_64         ;
; EDA Netlist Writer   ; DESKTOP-R5CIF8B  ; Windows 10 ; 10.0       ; x86_64         ;
; EDA Netlist Writer   ; DESKTOP-R5CIF8B  ; Windows 10 ; 10.0       ; x86_64         ;
+----------------------+------------------+------------+------------+----------------+


------------
; Flow Log ;
------------
quartus_map --read_settings_files=on --write_settings_files=off lab07_b -c lab07_b
quartus_fit --read_settings_files=off --write_settings_files=off lab07_b -c lab07_b
quartus_asm --read_settings_files=off --write_settings_files=off lab07_b -c lab07_b
quartus_sta lab07_b -c lab07_b
quartus_eda --gen_testbench --tool=modelsim_oem --format=verilog --write_settings_files=off lab07_b -c lab07_b --vector_source="C:/Users/Ngoc Pham/OneDrive/Documents/Github/ECE2220/07 - Latched and Sequential circuits/lab07_b/Waveform.vwf" --testbench_file="C:/Users/Ngoc Pham/OneDrive/Documents/Github/ECE2220/07 - Latched and Sequential circuits/lab07_b/simulation/qsim/Waveform.vwf.vt"
quartus_eda --write_settings_files=off --simulation=on --functional=on --flatten_buses=off --tool=modelsim_oem --format=verilog --output_directory="C:/Users/Ngoc Pham/OneDrive/Documents/Github/ECE2220/07 - Latched and Sequential circuits/lab07_b/simulation/qsim/" lab07_b -c lab07_b
quartus_eda --gen_testbench --tool=modelsim_oem --format=verilog --write_settings_files=off lab07_b -c lab07_b --vector_source="C:/Users/Ngoc Pham/OneDrive/Documents/Github/ECE2220/07 - Latched and Sequential circuits/lab07_b/Waveform.vwf" --testbench_file="C:/Users/Ngoc Pham/OneDrive/Documents/Github/ECE2220/07 - Latched and Sequential circuits/lab07_b/simulation/qsim/Waveform.vwf.vt"
quartus_eda --write_settings_files=off --simulation=on --functional=on --flatten_buses=off --tool=modelsim_oem --format=verilog --output_directory="C:/Users/Ngoc Pham/OneDrive/Documents/Github/ECE2220/07 - Latched and Sequential circuits/lab07_b/simulation/qsim/" lab07_b -c lab07_b
quartus_eda --gen_testbench --tool=modelsim_oem --format=verilog --write_settings_files=off lab07_b -c lab07_b --vector_source="C:/Users/Ngoc Pham/OneDrive/Documents/Github/ECE2220/07 - Latched and Sequential circuits/lab07_b/Waveform.vwf" --testbench_file="C:/Users/Ngoc Pham/OneDrive/Documents/Github/ECE2220/07 - Latched and Sequential circuits/lab07_b/simulation/qsim/Waveform.vwf.vt"
quartus_eda --write_settings_files=off --simulation=on --functional=on --flatten_buses=off --tool=modelsim_oem --format=verilog --output_directory="C:/Users/Ngoc Pham/OneDrive/Documents/Github/ECE2220/07 - Latched and Sequential circuits/lab07_b/simulation/qsim/" lab07_b -c lab07_b
quartus_eda --gen_testbench --tool=modelsim_oem --format=verilog --write_settings_files=off lab07_b -c lab07_b --vector_source="C:/Users/Ngoc Pham/OneDrive/Documents/Github/ECE2220/07 - Latched and Sequential circuits/lab07_b/Waveform.vwf" --testbench_file="C:/Users/Ngoc Pham/OneDrive/Documents/Github/ECE2220/07 - Latched and Sequential circuits/lab07_b/simulation/qsim/Waveform.vwf.vt"
quartus_eda --write_settings_files=off --simulation=on --functional=on --flatten_buses=off --tool=modelsim_oem --format=verilog --output_directory="C:/Users/Ngoc Pham/OneDrive/Documents/Github/ECE2220/07 - Latched and Sequential circuits/lab07_b/simulation/qsim/" lab07_b -c lab07_b



